# JRE version: Java(TM) SE Runtime Environment (8.0_74-b02) (build 1.8.0_74-b02)
# Java VM: Java HotSpot(TM) 64-Bit Server VM (25.74-b02 mixed mode windows-amd64 compressed oops)
Heap:
 PSYoungGen      total 94208K, used 13320K [0x00000000f5b80000, 0x00000000fdb80000, 0x0000000100000000)
  eden space 83456K, 15% used [0x00000000f5b80000,0x00000000f6882168,0x00000000fad00000)
  from space 10752K, 0% used [0x00000000fad00000,0x00000000fad00000,0x00000000fb780000)
  to   space 12288K, 0% used [0x00000000fcf80000,0x00000000fcf80000,0x00000000fdb80000)
 ParOldGen       total 49152K, used 23231K [0x00000000e1200000, 0x00000000e4200000, 0x00000000f5b80000)
  object space 49152K, 47% used [0x00000000e1200000,0x00000000e28affa0,0x00000000e4200000)
 Metaspace       used 36189K, capacity 36734K, committed 37080K, reserved 1081344K
  class space    used 5093K, capacity 5276K, committed 5376K, reserved 1048576K
GC Heap History (10 events):
Event: 3.463 GC heap before
{Heap before GC invocations=9 (full 1):
 PSYoungGen      total 73216K, used 6173K [0x00000000f5b80000, 0x00000000fab80000, 0x0000000100000000)
  eden space 66048K, 0% used [0x00000000f5b80000,0x00000000f5b80000,0x00000000f9c00000)
  from space 7168K, 86% used [0x00000000fa380000,0x00000000fa987670,0x00000000faa80000)
  to   space 7680K, 0% used [0x00000000f9c00000,0x00000000f9c00000,0x00000000fa380000)
 ParOldGen       total 22016K, used 9961K [0x00000000e1200000, 0x00000000e2780000, 0x00000000f5b80000)
  object space 22016K, 45% used [0x00000000e1200000,0x00000000e1bba4a8,0x00000000e2780000)
 Metaspace       used 20920K, capacity 21134K, committed 21248K, reserved 1067008K
  class space    used 2914K, capacity 3006K, committed 3072K, reserved 1048576K
Event: 3.553 GC heap after
Heap after GC invocations=9 (full 1):
 PSYoungGen      total 73216K, used 0K [0x00000000f5b80000, 0x00000000fab80000, 0x0000000100000000)
  eden space 66048K, 0% used [0x00000000f5b80000,0x00000000f5b80000,0x00000000f9c00000)
  from space 7168K, 0% used [0x00000000fa380000,0x00000000fa380000,0x00000000faa80000)
  to   space 7680K, 0% used [0x00000000f9c00000,0x00000000f9c00000,0x00000000fa380000)
 ParOldGen       total 25088K, used 9501K [0x00000000e1200000, 0x00000000e2a80000, 0x00000000f5b80000)
  object space 25088K, 37% used [0x00000000e1200000,0x00000000e1b477e0,0x00000000e2a80000)
 Metaspace       used 20920K, capacity 21134K, committed 21248K, reserved 1067008K
  class space    used 2914K, capacity 3006K, committed 3072K, reserved 1048576K
}
Event: 4.632 GC heap before
{Heap before GC invocations=10 (full 1):
 PSYoungGen      total 73216K, used 66048K [0x00000000f5b80000, 0x00000000fab80000, 0x0000000100000000)
  eden space 66048K, 100% used [0x00000000f5b80000,0x00000000f9c00000,0x00000000f9c00000)
  from space 7168K, 0% used [0x00000000fa380000,0x00000000fa380000,0x00000000faa80000)
  to   space 7680K, 0% used [0x00000000f9c00000,0x00000000f9c00000,0x00000000fa380000)
 ParOldGen       total 25088K, used 9501K [0x00000000e1200000, 0x00000000e2a80000, 0x00000000f5b80000)
  object space 25088K, 37% used [0x00000000e1200000,0x00000000e1b477e0,0x00000000e2a80000)
 Metaspace       used 24092K, capacity 24400K, committed 24832K, reserved 1071104K
  class space    used 3401K, capacity 3495K, committed 3584K, reserved 1048576K
Event: 4.644 GC heap after
Heap after GC invocations=10 (full 1):
 PSYoungGen      total 73728K, used 4720K [0x00000000f5b80000, 0x00000000fbf00000, 0x0000000100000000)
  eden space 66048K, 0% used [0x00000000f5b80000,0x00000000f5b80000,0x00000000f9c00000)
  from space 7680K, 61% used [0x00000000f9c00000,0x00000000fa09c0a8,0x00000000fa380000)
  to   space 7680K, 0% used [0x00000000fb780000,0x00000000fb780000,0x00000000fbf00000)
 ParOldGen       total 25088K, used 9509K [0x00000000e1200000, 0x00000000e2a80000, 0x00000000f5b80000)
  object space 25088K, 37% used [0x00000000e1200000,0x00000000e1b497e0,0x00000000e2a80000)
 Metaspace       used 24092K, capacity 24400K, committed 24832K, reserved 1071104K
  class space    used 3401K, capacity 3495K, committed 3584K, reserved 1048576K
}
Event: 6.639 GC heap before
{Heap before GC invocations=11 (full 1):
 PSYoungGen      total 73728K, used 70768K [0x00000000f5b80000, 0x00000000fbf00000, 0x0000000100000000)
  eden space 66048K, 100% used [0x00000000f5b80000,0x00000000f9c00000,0x00000000f9c00000)
  from space 7680K, 61% used [0x00000000f9c00000,0x00000000fa09c0a8,0x00000000fa380000)
  to   space 7680K, 0% used [0x00000000fb780000,0x00000000fb780000,0x00000000fbf00000)
 ParOldGen       total 25088K, used 9509K [0x00000000e1200000, 0x00000000e2a80000, 0x00000000f5b80000)
  object space 25088K, 37% used [0x00000000e1200000,0x00000000e1b497e0,0x00000000e2a80000)
 Metaspace       used 30779K, capacity 31236K, committed 31488K, reserved 1077248K
  class space    used 4353K, capacity 4508K, committed 4608K, reserved 1048576K
Event: 6.673 GC heap after
Heap after GC invocations=11 (full 1):
 PSYoungGen      total 91136K, used 7678K [0x00000000f5b80000, 0x00000000fc400000, 0x0000000100000000)
  eden space 83456K, 0% used [0x00000000f5b80000,0x00000000f5b80000,0x00000000fad00000)
  from space 7680K, 99% used [0x00000000fb780000,0x00000000fbeff870,0x00000000fbf00000)
  to   space 10752K, 0% used [0x00000000fad00000,0x00000000fad00000,0x00000000fb780000)
 ParOldGen       total 25088K, used 14874K [0x00000000e1200000, 0x00000000e2a80000, 0x00000000f5b80000)
  object space 25088K, 59% used [0x00000000e1200000,0x00000000e2086918,0x00000000e2a80000)
 Metaspace       used 30779K, capacity 31236K, committed 31488K, reserved 1077248K
  class space    used 4353K, capacity 4508K, committed 4608K, reserved 1048576K
}
Event: 8.406 GC heap before
{Heap before GC invocations=12 (full 1):
 PSYoungGen      total 91136K, used 52283K [0x00000000f5b80000, 0x00000000fc400000, 0x0000000100000000)
  eden space 83456K, 53% used [0x00000000f5b80000,0x00000000f870f5d8,0x00000000fad00000)
  from space 7680K, 99% used [0x00000000fb780000,0x00000000fbeff870,0x00000000fbf00000)
  to   space 10752K, 0% used [0x00000000fad00000,0x00000000fad00000,0x00000000fb780000)
 ParOldGen       total 25088K, used 14874K [0x00000000e1200000, 0x00000000e2a80000, 0x00000000f5b80000)
  object space 25088K, 59% used [0x00000000e1200000,0x00000000e2086918,0x00000000e2a80000)
 Metaspace       used 34705K, capacity 35154K, committed 35416K, reserved 1079296K
  class space    used 4884K, capacity 4970K, committed 4992K, reserved 1048576K
Event: 8.429 GC heap after
Heap after GC invocations=12 (full 1):
 PSYoungGen      total 94208K, used 10480K [0x00000000f5b80000, 0x00000000fdb80000, 0x0000000100000000)
  eden space 83456K, 0% used [0x00000000f5b80000,0x00000000f5b80000,0x00000000fad00000)
  from space 10752K, 97% used [0x00000000fad00000,0x00000000fb73c128,0x00000000fb780000)
  to   space 12288K, 0% used [0x00000000fcf80000,0x00000000fcf80000,0x00000000fdb80000)
 ParOldGen       total 25088K, used 16054K [0x00000000e1200000, 0x00000000e2a80000, 0x00000000f5b80000)
  object space 25088K, 63% used [0x00000000e1200000,0x00000000e21ad928,0x00000000e2a80000)
 Metaspace       used 34705K, capacity 35154K, committed 35416K, reserved 1079296K
  class space    used 4884K, capacity 4970K, committed 4992K, reserved 1048576K
}
Event: 8.429 GC heap before
{Heap before GC invocations=13 (full 2):
 PSYoungGen      total 94208K, used 10480K [0x00000000f5b80000, 0x00000000fdb80000, 0x0000000100000000)
  eden space 83456K, 0% used [0x00000000f5b80000,0x00000000f5b80000,0x00000000fad00000)
  from space 10752K, 97% used [0x00000000fad00000,0x00000000fb73c128,0x00000000fb780000)
  to   space 12288K, 0% used [0x00000000fcf80000,0x00000000fcf80000,0x00000000fdb80000)
 ParOldGen       total 25088K, used 16054K [0x00000000e1200000, 0x00000000e2a80000, 0x00000000f5b80000)
  object space 25088K, 63% used [0x00000000e1200000,0x00000000e21ad928,0x00000000e2a80000)
 Metaspace       used 34705K, capacity 35154K, committed 35416K, reserved 1079296K
  class space    used 4884K, capacity 4970K, committed 4992K, reserved 1048576K
Event: 8.681 GC heap after
Heap after GC invocations=13 (full 2):
 PSYoungGen      total 94208K, used 0K [0x00000000f5b80000, 0x00000000fdb80000, 0x0000000100000000)
  eden space 83456K, 0% used [0x00000000f5b80000,0x00000000f5b80000,0x00000000fad00000)
  from space 10752K, 0% used [0x00000000fad00000,0x00000000fad00000,0x00000000fb780000)
  to   space 12288K, 0% used [0x00000000fcf80000,0x00000000fcf80000,0x00000000fdb80000)
 ParOldGen       total 49152K, used 23231K [0x00000000e1200000, 0x00000000e4200000, 0x00000000f5b80000)
  object space 49152K, 47% used [0x00000000e1200000,0x00000000e28affa0,0x00000000e4200000)
 Metaspace       used 34705K, capacity 35154K, committed 35416K, reserved 1079296K
  class space    used 4884K, capacity 4970K, committed 4992K, reserved 1048576K
}

